<?xml version="1.0" encoding="UTF-8"?>
<testng-results ignored="0" total="1" passed="1" failed="0" skipped="0">
  <reporter-output>
  </reporter-output>
  <suite started-at="2023-11-03T22:27:17 BRT" name="Saucedemo Suite" finished-at="2023-11-03T22:27:21 BRT" duration-ms="4268">
    <groups>
    </groups>
    <test started-at="2023-11-03T22:27:17 BRT" name="Saucedemo Tests" finished-at="2023-11-03T22:27:21 BRT" duration-ms="4268">
      <class name="com.iwasse.test.e2e.SaucedemoTest">
        <test-method is-config="true" signature="setUp()[pri:0, instance:com.iwasse.test.e2e.SaucedemoTest@60db1c0e]" started-at="2023-11-03T22:27:17 BRT" name="setUp" finished-at="2023-11-03T22:27:21 BRT" duration-ms="3518" status="PASS">
          <reporter-output>
          </reporter-output>
        </test-method> <!-- setUp -->
        <test-method signature="endToEnd()[pri:0, instance:com.iwasse.test.e2e.SaucedemoTest@60db1c0e]" started-at="2023-11-03T22:27:21 BRT" name="endToEnd" description="e2e" finished-at="2023-11-03T22:27:21 BRT" duration-ms="721" status="PASS">
          <reporter-output>
          </reporter-output>
        </test-method> <!-- endToEnd -->
      </class> <!-- com.iwasse.test.e2e.SaucedemoTest -->
    </test> <!-- Saucedemo Tests -->
  </suite> <!-- Saucedemo Suite -->
</testng-results>
